<?xml version="1.0" encoding="UTF-8"?>
<!-- Generated by org.testng.reporters.JUnitXMLReporter -->
<testsuite hostname="DESKTOP-CD7DCPV" ignored="0" name="Default test" tests="5" failures="0" timestamp="2022-04-06T23:04:57 IST" time="0.044" errors="0">
  <testcase name="password" time="0.011" classname="com.testing.features.Parallel_concepts"/>
  <testcase name="repassword" time="0.001" classname="com.testing.features.Parallel_concepts"/>
  <testcase name="signin" time="0.0" classname="com.testing.features.Parallel_concepts"/>
  <testcase name="signout" time="0.001" classname="com.testing.features.Parallel_concepts"/>
  <testcase name="username" time="0.001" classname="com.testing.features.Parallel_concepts"/>
</testsuite> <!-- Default test -->
