<?xml version="1.0" encoding="UTF-8"?>
<!-- Generated by org.testng.reporters.JUnitXMLReporter -->
<testsuite hostname="DESKTOP-CD7DCPV" ignored="0" name="Test" tests="5" failures="0" timestamp="2022-04-06T23:05:47 IST" time="0.045" errors="0">
  <testcase name="repassword" time="0.007" classname="com.testing.features.Parallel_concepts"/>
  <testcase name="signout" time="0.007" classname="com.testing.features.Parallel_concepts"/>
  <testcase name="signin" time="0.007" classname="com.testing.features.Parallel_concepts"/>
  <testcase name="password" time="0.007" classname="com.testing.features.Parallel_concepts"/>
  <testcase name="username" time="0.007" classname="com.testing.features.Parallel_concepts"/>
</testsuite> <!-- Test -->
